<?xml version="1.0" encoding="UTF-8"?>
<!-- Generated by org.testng.reporters.JUnitReportReporter -->
<testsuite skipped="0" hostname="ip-172-31-4-59" name="oAuth.Token" tests="1" failures="0" timestamp="22 Mar 2021 04:56:28 GMT" time="1.813" errors="0">
  <testcase name="test1" time="1.813" classname="oAuth.Token"/>
</testsuite> <!-- oAuth.Token -->
