<?xml version="1.0" encoding="UTF-8"?>
<!-- Generated by org.testng.reporters.JUnitReportReporter -->
<testsuite skipped="0" hostname="ip-172-31-4-59" name="rest_Api.Postrequest" tests="2" failures="0" timestamp="22 Mar 2021 06:11:38 GMT" time="1.410" errors="0">
  <testcase name="test1" time="1.383" classname="rest_Api.Postrequest"/>
  <testcase name="test2" time="0.027" classname="rest_Api.Postrequest"/>
</testsuite> <!-- rest_Api.Postrequest -->
