<?xml version="1.0" encoding="UTF-8"?>
<!-- Generated by org.testng.reporters.JUnitReportReporter -->
<testsuite skipped="0" hostname="ip-172-31-4-59" name="rest_Api.Get_requestwith_Logger" tests="1" failures="0" timestamp="22 Mar 2021 07:08:33 GMT" time="0.010" errors="0">
  <testcase name="test1" time="0.010" classname="rest_Api.Get_requestwith_Logger"/>
</testsuite> <!-- rest_Api.Get_requestwith_Logger -->
