<?xml version="1.0" encoding="UTF-8"?>
<!-- Generated by org.testng.reporters.JUnitReportReporter -->
<testsuite skipped="0" hostname="ip-172-31-4-59" name="rest_Api.Get_Request" tests="1" failures="0" timestamp="22 Mar 2021 06:11:49 GMT" time="1.602" errors="0">
  <testcase name="test1" time="1.602" classname="rest_Api.Get_Request"/>
</testsuite> <!-- rest_Api.Get_Request -->
